2018-01-31 17:28:34,784 [Thread-26:15824] [root:204] [ERROR]- No module named 'proj'
2018-01-31 17:28:34,785 [Thread-26:15824] [root:205] [ERROR]- 创建应用失败
2018-01-31 17:30:20,060 [Thread-4:9508] [root:204] [ERROR]- No module named 'proj'
2018-01-31 17:30:20,061 [Thread-4:9508] [root:205] [ERROR]- 创建应用失败
2018-01-31 17:34:22,534 [Thread-9:3132] [root:202] [ERROR]- No module named 'proj'
2018-01-31 17:34:22,535 [Thread-9:3132] [root:203] [ERROR]- 创建应用失败
2018-01-31 17:47:10,599 [Thread-10:14488] [root:202] [ERROR]- No module named 'proj'
2018-01-31 17:47:10,600 [Thread-10:14488] [root:203] [ERROR]- 创建应用失败
2018-01-31 17:49:47,154 [Thread-6:892] [root:202] [ERROR]- No module named 'proj'
2018-01-31 17:49:47,155 [Thread-6:892] [root:203] [ERROR]- 创建应用失败
2018-02-01 08:57:25,532 [Thread-6:16208] [root:164] [INFO]- 'AnonymousUser' object has no attribute 'developer'
2018-02-01 09:15:15,250 [Thread-85:8720] [root:187] [INFO]- Doc matching query does not exist.
2018-02-01 09:19:53,418 [Thread-26:11196] [root:204] [ERROR]- No module named 'proj'
2018-02-01 09:19:53,418 [Thread-26:11196] [root:205] [ERROR]- 创建应用失败
2018-02-01 09:48:28,257 [Thread-26:15292] [root:204] [ERROR]- invalid literal for int() with base 10: 'localhost:6379'
2018-02-01 09:48:28,258 [Thread-26:15292] [root:205] [ERROR]- 创建应用失败
2018-02-01 09:58:51,027 [Thread-49:9516] [root:204] [ERROR]- 'DisabledBackend' object has no attribute '_get_task_meta_for'
2018-02-01 09:58:51,028 [Thread-49:9516] [root:205] [ERROR]- 创建应用失败
2018-02-01 12:52:26,267 [Thread-48:8432] [root:164] [INFO]- 'AnonymousUser' object has no attribute 'developer'
2018-02-01 15:15:49,362 [Thread-49:16144] [root:164] [INFO]- 'AnonymousUser' object has no attribute 'developer'
2018-02-01 15:16:26,135 [Thread-75:5240] [root:202] [ERROR]- No module named 'common.celery'
2018-02-01 15:16:26,136 [Thread-75:5240] [root:203] [ERROR]- 创建应用失败
2018-02-01 16:23:03,921 [Thread-49:19952] [root:164] [INFO]- 'AnonymousUser' object has no attribute 'developer'
2018-02-01 19:19:25,173 [Thread-356:17876] [root:164] [INFO]- 'AnonymousUser' object has no attribute 'developer'
2018-02-02 08:46:46,921 [Thread-13:7316] [root:164] [INFO]- 'AnonymousUser' object has no attribute 'developer'
2018-02-02 10:22:53,098 [Thread-201:19392] [root:64] [INFO]- 'SESSION_LOGIN_THIRD'
2018-02-02 10:23:21,938 [Thread-214:3292] [root:64] [INFO]- 'SESSION_LOGIN_THIRD'
2018-02-02 10:32:22,697 [Thread-19:17460] [root:164] [INFO]- 'AnonymousUser' object has no attribute 'developer'
2018-02-02 10:33:23,774 [Thread-32:13236] [root:164] [INFO]- 'AnonymousUser' object has no attribute 'developer'
2018-02-02 10:34:04,078 [Thread-77:1432] [root:164] [INFO]- 'AnonymousUser' object has no attribute 'developer'
2018-02-02 10:34:47,508 [Thread-107:15780] [root:164] [INFO]- 'AnonymousUser' object has no attribute 'developer'
2018-02-02 10:37:15,111 [Thread-135:17896] [root:164] [INFO]- 'AnonymousUser' object has no attribute 'developer'
2018-02-02 10:40:32,700 [Thread-32:11652] [root:164] [INFO]- 'AnonymousUser' object has no attribute 'developer'
2018-02-02 10:46:25,617 [Thread-183:12356] [root:164] [INFO]- 'AnonymousUser' object has no attribute 'developer'
2018-02-02 10:49:20,403 [Thread-335:11116] [root:164] [INFO]- 'AnonymousUser' object has no attribute 'developer'
2018-02-02 10:49:34,493 [Thread-352:5376] [root:64] [INFO]- 'SESSION_LOGIN_THIRD'
2018-02-02 10:52:34,137 [Thread-21:2080] [root:64] [INFO]- 'SESSION_LOGIN_THIRD'
2018-02-02 10:56:55,151 [Thread-3:19372] [root:64] [INFO]- 'SESSION_LOGIN_THIRD'
2018-02-02 10:57:50,453 [Thread-1:17632] [root:64] [INFO]- 'SESSION_LOGIN_THIRD'
2018-02-02 11:07:24,580 [Thread-145:17436] [root:64] [INFO]- 'SESSION_LOGIN_THIRD'
2018-02-02 11:16:24,054 [Thread-17:7408] [root:164] [INFO]- 'AnonymousUser' object has no attribute 'developer'
2018-02-02 11:16:35,019 [Thread-32:3548] [root:64] [INFO]- 'SESSION_LOGIN_THIRD'
2018-02-02 11:17:12,648 [Thread-62:880] [root:64] [INFO]- 'SESSION_LOGIN_THIRD'
2018-02-02 11:22:14,641 [Thread-1:16900] [root:64] [INFO]- 'SESSION_LOGIN_THIRD'
2018-02-02 11:29:58,250 [Thread-3:15944] [root:64] [INFO]- 'SESSION_LOGIN_THIRD'
2018-02-02 12:41:24,449 [Thread-588:5348] [root:164] [INFO]- 'AnonymousUser' object has no attribute 'developer'
2018-02-02 12:44:23,696 [Thread-604:9744] [root:64] [INFO]- 'SESSION_LOGIN_THIRD'
2018-02-02 13:08:09,654 [Thread-779:11364] [root:64] [INFO]- 'SESSION_LOGIN_THIRD'
2018-02-02 13:18:43,636 [Thread-915:16976] [root:64] [INFO]- 'SESSION_LOGIN_THIRD'
2018-02-02 13:19:28,231 [Thread-966:2948] [root:64] [INFO]- 'SESSION_LOGIN_THIRD'
2018-02-02 13:21:10,093 [Thread-1015:19416] [root:64] [INFO]- 'SESSION_LOGIN_THIRD'
2018-02-02 13:25:33,436 [Thread-1089:15208] [root:64] [INFO]- 'SESSION_LOGIN_THIRD'
2018-02-02 13:32:17,568 [Thread-1173:12028] [root:164] [INFO]- 'AnonymousUser' object has no attribute 'developer'
2018-02-02 13:47:11,694 [Thread-1221:992] [root:164] [INFO]- 'AnonymousUser' object has no attribute 'developer'
2018-02-02 13:47:18,025 [Thread-1235:4732] [root:64] [INFO]- 'SESSION_LOGIN_THIRD'
2018-02-02 13:48:23,402 [Thread-1250:18792] [root:64] [INFO]- 'SESSION_LOGIN_THIRD'
2018-02-02 13:48:23,545 [Thread-1251:11052] [root:64] [INFO]- 'SESSION_LOGIN_THIRD'
2018-02-02 14:57:42,009 [Thread-53:11736] [root:164] [INFO]- 'AnonymousUser' object has no attribute 'developer'
2018-02-02 14:58:11,053 [Thread-105:13188] [root:164] [INFO]- 'AnonymousUser' object has no attribute 'developer'
2018-02-02 14:58:20,241 [Thread-119:5452] [root:233] [INFO]- 'AnonymousUser' object has no attribute 'account_id'
2018-02-02 14:58:32,787 [Thread-146:10524] [root:164] [INFO]- 'AnonymousUser' object has no attribute 'developer'
2018-02-02 15:10:54,141 [Thread-25:2672] [root:64] [INFO]- 'SESSION_LOGIN_THIRD'
2018-02-02 15:18:29,395 [Thread-104:6196] [root:64] [INFO]- 'SESSION_LOGIN_THIRD'
2018-02-02 15:23:23,113 [Thread-162:2352] [root:64] [INFO]- 'SESSION_LOGIN_THIRD'
2018-02-02 15:25:34,899 [Thread-23:8516] [root:64] [INFO]- 'SESSION_LOGIN_THIRD'
2018-02-02 15:26:25,077 [Thread-23:7508] [root:64] [INFO]- 'SESSION_LOGIN_THIRD'
2018-02-02 15:43:23,773 [Thread-240:14100] [root:187] [INFO]- Doc matching query does not exist.
2018-02-02 16:50:22,859 [Thread-59:12976] [root:164] [INFO]- 'AnonymousUser' object has no attribute 'developer'
2018-02-02 17:25:30,864 [Thread-108:14352] [root:164] [INFO]- 'AnonymousUser' object has no attribute 'developer'
2018-02-02 17:36:44,140 [Thread-126:6460] [root:164] [INFO]- 'AnonymousUser' object has no attribute 'developer'
2018-02-02 17:36:46,052 [Thread-128:2556] [root:164] [INFO]- 'AnonymousUser' object has no attribute 'developer'
2018-02-02 17:36:47,869 [Thread-130:220] [root:164] [INFO]- 'AnonymousUser' object has no attribute 'developer'
2018-02-02 17:36:49,858 [Thread-132:1008] [root:164] [INFO]- 'AnonymousUser' object has no attribute 'developer'
2018-02-02 17:36:57,957 [Thread-136:5464] [root:164] [INFO]- 'AnonymousUser' object has no attribute 'developer'
2018-02-03 11:55:57,255 [Thread-62:8964] [root:164] [INFO]- 'AnonymousUser' object has no attribute 'developer'
2018-02-03 13:06:00,520 [Thread-3:8816] [root:164] [INFO]- 'AnonymousUser' object has no attribute 'developer'
2018-02-03 13:46:56,627 [Thread-239:12064] [root:164] [INFO]- 'AnonymousUser' object has no attribute 'developer'
2018-02-03 15:08:40,196 [Thread-314:10172] [root:64] [INFO]- 'SESSION_LOGIN_THIRD'
2018-02-03 15:09:37,942 [Thread-345:9228] [root:164] [INFO]- 'AnonymousUser' object has no attribute 'developer'
2018-02-03 15:34:49,731 [Thread-44:2624] [root:64] [INFO]- 'SESSION_LOGIN_THIRD'
2018-02-05 10:33:19,863 [Thread-125:13520] [root:164] [INFO]- 'AnonymousUser' object has no attribute 'developer'
2018-02-05 12:38:38,234 [Thread-612:8584] [root:249] [INFO]- 'AnonymousUser' object has no attribute 'account_id'
2018-02-05 12:46:22,015 [Thread-665:11396] [root:164] [INFO]- 'AnonymousUser' object has no attribute 'developer'
2018-02-05 12:46:38,908 [Thread-695:908] [root:164] [INFO]- 'AnonymousUser' object has no attribute 'developer'
2018-02-05 13:14:06,722 [Thread-154:7644] [root:187] [INFO]- Doc matching query does not exist.
2018-02-05 13:15:01,431 [Thread-220:6968] [root:187] [INFO]- Doc matching query does not exist.
2018-02-05 13:16:09,582 [Thread-239:11828] [root:187] [INFO]- Doc matching query does not exist.
2018-02-05 13:16:41,149 [Thread-258:2196] [root:187] [INFO]- Doc matching query does not exist.
2018-02-05 13:17:48,654 [Thread-278:6460] [root:187] [INFO]- Doc matching query does not exist.
2018-02-05 13:24:10,154 [Thread-37:15440] [root:164] [INFO]- 'AnonymousUser' object has no attribute 'developer'
2018-02-05 13:24:46,670 [Thread-86:8560] [root:187] [INFO]- Doc matching query does not exist.
2018-02-05 13:25:01,907 [Thread-87:1188] [root:187] [INFO]- Doc matching query does not exist.
2018-02-05 13:25:02,838 [Thread-88:12908] [root:187] [INFO]- Doc matching query does not exist.
2018-02-05 13:25:11,959 [Thread-90:14352] [root:164] [INFO]- 'AnonymousUser' object has no attribute 'developer'
2018-02-05 13:27:27,174 [Thread-192:7872] [root:187] [INFO]- Doc matching query does not exist.
2018-02-05 13:28:32,923 [Thread-214:2996] [root:187] [INFO]- Doc matching query does not exist.
2018-02-05 14:45:22,834 [Thread-306:15992] [root:187] [INFO]- Doc matching query does not exist.
2018-02-05 14:50:08,940 [Thread-308:9596] [root:187] [INFO]- Doc matching query does not exist.
2018-02-05 15:13:59,453 [Thread-434:14788] [root:164] [INFO]- 'AnonymousUser' object has no attribute 'developer'
2018-02-05 15:31:48,547 [Thread-3:13232] [root:164] [INFO]- 'AnonymousUser' object has no attribute 'developer'
2018-02-05 15:49:26,895 [Thread-24:11964] [root:164] [INFO]- 'AnonymousUser' object has no attribute 'developer'
2018-02-05 16:15:52,811 [Thread-249:10152] [root:164] [INFO]- 'AnonymousUser' object has no attribute 'developer'
2018-02-05 16:22:51,798 [Thread-611:13200] [root:164] [INFO]- 'AnonymousUser' object has no attribute 'developer'
2018-02-05 18:30:26,463 [Thread-1198:9096] [root:164] [INFO]- 'AnonymousUser' object has no attribute 'developer'
2018-02-05 18:30:45,370 [Thread-1239:2424] [root:164] [INFO]- 'AnonymousUser' object has no attribute 'developer'
2018-02-05 18:44:26,592 [Thread-111:11652] [root:187] [INFO]- Doc matching query does not exist.
2018-02-06 08:50:42,013 [Thread-11:14388] [root:164] [INFO]- 'AnonymousUser' object has no attribute 'developer'
2018-02-06 09:24:10,248 [Thread-167:5420] [root:164] [INFO]- 'AnonymousUser' object has no attribute 'developer'
2018-02-06 09:27:56,740 [Thread-3:16828] [root:164] [INFO]- 'AnonymousUser' object has no attribute 'developer'
2018-02-06 09:27:57,451 [Thread-5:6924] [root:85] [ERROR]- Developer matching query does not exist.
2018-02-06 09:27:57,467 [Thread-5:6924] [root:85] [ERROR]- Developer matching query does not exist.
2018-02-06 09:27:57,483 [Thread-5:6924] [root:85] [ERROR]- Developer matching query does not exist.
2018-02-06 10:02:37,770 [Thread-1:11884] [root:249] [INFO]- 'AnonymousUser' object has no attribute 'account_id'
2018-02-06 10:08:07,629 [Thread-98:11424] [root:164] [INFO]- 'AnonymousUser' object has no attribute 'developer'
2018-02-06 10:12:14,498 [Thread-186:11496] [root:164] [INFO]- 'AnonymousUser' object has no attribute 'developer'
2018-02-06 10:12:33,254 [Thread-209:13656] [root:459] [INFO]- Account matching query does not exist.
2018-02-06 10:12:57,583 [Thread-213:11200] [root:64] [INFO]- 'SESSION_LOGIN_THIRD'
2018-02-06 10:13:38,084 [Thread-227:6332] [root:64] [INFO]- 'SESSION_LOGIN_THIRD'
2018-02-06 10:13:38,252 [Thread-228:10588] [root:64] [INFO]- 'SESSION_LOGIN_THIRD'
2018-02-06 10:54:10,901 [Thread-49:7336] [root:164] [INFO]- 'AnonymousUser' object has no attribute 'developer'
2018-02-06 12:25:11,724 [Thread-53:14724] [root:164] [INFO]- 'AnonymousUser' object has no attribute 'developer'
2018-02-06 12:25:23,016 [Thread-57:11916] [root:164] [INFO]- 'AnonymousUser' object has no attribute 'developer'
2018-02-06 12:27:27,530 [Thread-58:7704] [root:164] [INFO]- 'AnonymousUser' object has no attribute 'developer'
2018-02-06 12:27:35,591 [Thread-70:11652] [root:164] [INFO]- 'AnonymousUser' object has no attribute 'developer'
2018-02-06 14:28:32,011 [Thread-939:15908] [root:164] [INFO]- 'AnonymousUser' object has no attribute 'developer'
2018-02-06 15:54:46,638 [Thread-1129:1276] [root:187] [INFO]- Doc matching query does not exist.
2018-02-06 16:02:26,483 [Thread-1176:11080] [root:164] [INFO]- 'AnonymousUser' object has no attribute 'developer'
2018-02-06 16:03:01,644 [Thread-1194:2864] [root:164] [INFO]- 'AnonymousUser' object has no attribute 'developer'
2018-02-06 16:04:36,523 [Thread-1206:5044] [root:164] [INFO]- 'AnonymousUser' object has no attribute 'developer'
2018-02-06 16:04:52,639 [Thread-1218:16788] [root:164] [INFO]- 'AnonymousUser' object has no attribute 'developer'
2018-02-06 16:05:09,427 [Thread-1230:15512] [root:164] [INFO]- 'AnonymousUser' object has no attribute 'developer'
2018-02-06 16:13:49,735 [Thread-1533:9232] [root:164] [INFO]- 'AnonymousUser' object has no attribute 'developer'
2018-02-06 16:14:49,544 [Thread-1590:11684] [root:164] [INFO]- 'AnonymousUser' object has no attribute 'developer'
2018-02-06 16:14:53,384 [Thread-1603:17020] [root:64] [INFO]- 'SESSION_LOGIN_THIRD'
2018-02-07 09:26:20,920 [Thread-11:10620] [root:164] [INFO]- 'AnonymousUser' object has no attribute 'developer'
2018-02-07 10:20:33,818 [Thread-361:13744] [root:187] [INFO]- Doc matching query does not exist.
2018-02-07 10:23:03,074 [Thread-383:7208] [root:187] [INFO]- Doc matching query does not exist.
2018-02-07 10:24:11,563 [Thread-405:16200] [root:187] [INFO]- Doc matching query does not exist.
2018-02-07 13:00:05,608 [Thread-195:10500] [root:164] [INFO]- 'AnonymousUser' object has no attribute 'developer'
2018-02-26 08:50:24,843 [Thread-19:9232] [root:164] [INFO]- 'AnonymousUser' object has no attribute 'developer'
2018-02-26 09:58:34,079 [Thread-728:13700] [root:164] [INFO]- 'AnonymousUser' object has no attribute 'developer'
2018-02-26 12:50:40,450 [Thread-973:16480] [root:164] [INFO]- 'AnonymousUser' object has no attribute 'developer'
2018-02-26 12:51:02,733 [Thread-995:6220] [root:459] [INFO]- Account matching query does not exist.
2018-02-26 12:51:24,696 [Thread-999:16328] [root:64] [INFO]- 'SESSION_LOGIN_THIRD'
2018-02-26 12:52:49,451 [Thread-1013:7048] [root:64] [INFO]- 'SESSION_LOGIN_THIRD'
2018-02-26 12:53:06,847 [Thread-1014:9480] [root:64] [INFO]- 'SESSION_LOGIN_THIRD'
2018-02-26 12:53:16,141 [Thread-1015:10536] [root:64] [INFO]- 'SESSION_LOGIN_THIRD'
2018-02-26 12:53:27,900 [Thread-1016:11748] [root:64] [INFO]- 'SESSION_LOGIN_THIRD'
2018-02-26 12:53:33,456 [Thread-1017:4420] [root:64] [INFO]- 'SESSION_LOGIN_THIRD'
2018-02-26 12:53:56,292 [Thread-1018:16104] [root:64] [INFO]- 'SESSION_LOGIN_THIRD'
2018-02-26 12:53:56,409 [Thread-1019:6192] [root:64] [INFO]- 'SESSION_LOGIN_THIRD'
2018-02-26 13:16:04,188 [Thread-1188:10144] [root:164] [INFO]- 'AnonymousUser' object has no attribute 'developer'
2018-02-26 14:30:43,037 [Thread-1503:11492] [root:164] [INFO]- 'AnonymousUser' object has no attribute 'developer'
2018-02-26 14:31:08,152 [Thread-1538:9072] [root:459] [INFO]- Account matching query does not exist.
2018-02-26 14:32:49,972 [Thread-1551:16620] [root:555] [INFO]- Incorrect padding
2018-02-26 14:42:08,721 [Thread-1566:12416] [root:164] [INFO]- 'AnonymousUser' object has no attribute 'developer'
2018-02-26 14:44:05,499 [Thread-1582:14936] [root:64] [INFO]- 'SESSION_LOGIN_THIRD'
2018-02-26 14:45:19,188 [Thread-1633:11908] [root:164] [INFO]- 'NoneType' object has no attribute 'developer_id'
2018-02-26 14:45:38,302 [Thread-1643:15780] [root:555] [INFO]- Incorrect padding
2018-02-26 14:45:51,535 [Thread-1649:10560] [root:164] [INFO]- 'NoneType' object has no attribute 'developer_id'
2018-02-26 14:46:05,680 [Thread-1657:13956] [root:164] [INFO]- 'NoneType' object has no attribute 'developer_id'
2018-02-26 14:46:24,808 [Thread-1664:16320] [root:164] [INFO]- 'AnonymousUser' object has no attribute 'developer'
2018-02-26 14:48:07,216 [Thread-1695:14720] [root:164] [INFO]- 'AnonymousUser' object has no attribute 'developer'
