2018-02-08 10:06:36,734 [Thread-4:8328] [django.request:143] [WARNING]- Not Found: /product/list/None
2018-02-08 10:09:03,407 [Thread-269:5212] [django.request:143] [WARNING]- Not Found: /favicon.ico
2018-02-08 10:09:46,153 [Thread-274:9084] [django.request:231] [ERROR]- Internal Server Error: /api/pull_ui_conf
Traceback (most recent call last):
  File "F:\virven\lib\site-packages\django\core\handlers\base.py", line 130, in get_response
    % (callback.__module__, view_name))
ValueError: The view api.views.pull_ui_conf didn't return an HttpResponse object. It returned None instead.
2018-02-08 10:11:48,744 [Thread-403:10028] [django.request:143] [WARNING]- Not Found: /product/list/None
2018-02-08 10:11:59,889 [Thread-412:9776] [django.request:143] [WARNING]- Not Found: /product/list/None
2018-02-08 10:14:21,485 [Thread-31:7724] [django.request:231] [ERROR]- Internal Server Error: /api/diy_ui_conf
Traceback (most recent call last):
  File "F:\virven\lib\site-packages\django\core\handlers\base.py", line 111, in get_response
    response = wrapped_callback(request, *callback_args, **callback_kwargs)
  File "F:\virven\lib\site-packages\django\views\decorators\csrf.py", line 57, in wrapped_view
    return view_func(*args, **kwargs)
  File "F:\work\open\api\views.py", line 67, in diy_ui_conf
    return HttpResponse((back_data['ebf_page_conf']), content_type="application/json")
TypeError: 'NoneType' object is not subscriptable
2018-02-08 10:14:25,253 [Thread-68:9236] [django.request:143] [WARNING]- Not Found: /product/list/None
2018-02-08 10:14:39,663 [Thread-85:7996] [django.request:143] [WARNING]- Not Found: /product/list/None
2018-02-08 10:15:03,297 [Thread-101:7708] [django.request:143] [WARNING]- Not Found: /product/list/None
2018-02-08 10:15:06,706 [Thread-107:9644] [django.request:231] [ERROR]- Internal Server Error: /api/diy_ui_conf
Traceback (most recent call last):
  File "F:\virven\lib\site-packages\django\core\handlers\base.py", line 111, in get_response
    response = wrapped_callback(request, *callback_args, **callback_kwargs)
  File "F:\virven\lib\site-packages\django\views\decorators\csrf.py", line 57, in wrapped_view
    return view_func(*args, **kwargs)
  File "F:\work\open\api\views.py", line 67, in diy_ui_conf
    return HttpResponse((back_data['ebf_page_conf']), content_type="application/json")
TypeError: 'NoneType' object is not subscriptable
2018-02-08 10:15:24,566 [Thread-128:7056] [django.request:143] [WARNING]- Not Found: /product/list/None
2018-02-08 10:15:34,410 [Thread-137:7532] [django.request:143] [WARNING]- Not Found: /product/list/None
2018-02-08 10:15:38,575 [Thread-140:8016] [django.request:231] [ERROR]- Internal Server Error: /api/diy_ui_conf
Traceback (most recent call last):
  File "F:\virven\lib\site-packages\django\core\handlers\base.py", line 111, in get_response
    response = wrapped_callback(request, *callback_args, **callback_kwargs)
  File "F:\virven\lib\site-packages\django\views\decorators\csrf.py", line 57, in wrapped_view
    return view_func(*args, **kwargs)
  File "F:\work\open\api\views.py", line 67, in diy_ui_conf
    return HttpResponse((back_data['ebf_page_conf']), content_type="application/json")
TypeError: 'NoneType' object is not subscriptable
2018-02-08 10:15:42,663 [Thread-143:1964] [django.request:143] [WARNING]- Not Found: /product/list/None
2018-02-08 10:15:58,724 [Thread-153:10076] [django.request:143] [WARNING]- Not Found: /product/list/None
2018-02-08 10:16:10,141 [Thread-163:10220] [django.request:143] [WARNING]- Not Found: /product/list/None
2018-02-08 10:16:12,659 [Thread-166:9920] [django.request:231] [ERROR]- Internal Server Error: /api/diy_ui_conf
Traceback (most recent call last):
  File "F:\virven\lib\site-packages\django\core\handlers\base.py", line 111, in get_response
    response = wrapped_callback(request, *callback_args, **callback_kwargs)
  File "F:\virven\lib\site-packages\django\views\decorators\csrf.py", line 57, in wrapped_view
    return view_func(*args, **kwargs)
  File "F:\work\open\api\views.py", line 67, in diy_ui_conf
    return HttpResponse((back_data['ebf_page_conf']), content_type="application/json")
TypeError: 'NoneType' object is not subscriptable
2018-02-08 10:16:19,805 [Thread-169:7240] [django.request:143] [WARNING]- Not Found: /product/list/None
2018-02-08 10:16:33,307 [Thread-189:1764] [django.request:231] [ERROR]- Internal Server Error: /api/diy_ui_conf
Traceback (most recent call last):
  File "F:\virven\lib\site-packages\django\core\handlers\base.py", line 111, in get_response
    response = wrapped_callback(request, *callback_args, **callback_kwargs)
  File "F:\virven\lib\site-packages\django\views\decorators\csrf.py", line 57, in wrapped_view
    return view_func(*args, **kwargs)
  File "F:\work\open\api\views.py", line 67, in diy_ui_conf
    return HttpResponse((back_data['ebf_page_conf']), content_type="application/json")
TypeError: 'NoneType' object is not subscriptable
2018-02-08 10:17:05,104 [Thread-208:9684] [django.request:231] [ERROR]- Internal Server Error: /api/diy_ui_conf
Traceback (most recent call last):
  File "F:\virven\lib\site-packages\django\core\handlers\base.py", line 111, in get_response
    response = wrapped_callback(request, *callback_args, **callback_kwargs)
  File "F:\virven\lib\site-packages\django\views\decorators\csrf.py", line 57, in wrapped_view
    return view_func(*args, **kwargs)
  File "F:\work\open\api\views.py", line 67, in diy_ui_conf
    return HttpResponse((back_data['ebf_page_conf']), content_type="application/json")
TypeError: 'NoneType' object is not subscriptable
2018-02-08 10:17:24,787 [Thread-218:7848] [django.request:143] [WARNING]- Not Found: /product/list/None
2018-02-08 10:17:25,233 [Thread-220:7944] [django.request:143] [WARNING]- Not Found: /product/list/None
2018-02-08 10:17:37,587 [Thread-238:5172] [django.request:143] [WARNING]- Not Found: /product/list/None
2018-02-08 11:06:21,183 [Thread-1668:9644] [django.request:143] [WARNING]- Not Found: /product/list/None
2018-02-08 11:06:24,242 [Thread-1673:7684] [django.request:231] [ERROR]- Internal Server Error: /api/diy_ui_conf
Traceback (most recent call last):
  File "F:\virven\lib\site-packages\django\core\handlers\base.py", line 111, in get_response
    response = wrapped_callback(request, *callback_args, **callback_kwargs)
  File "F:\virven\lib\site-packages\django\views\decorators\csrf.py", line 57, in wrapped_view
    return view_func(*args, **kwargs)
  File "F:\work\open\api\views.py", line 67, in diy_ui_conf
    return HttpResponse((back_data['ebf_page_conf']), content_type="application/json")
TypeError: 'NoneType' object is not subscriptable
2018-02-08 11:06:32,954 [Thread-1684:7404] [django.request:143] [WARNING]- Not Found: /product/list/None
2018-02-08 11:06:44,585 [Thread-1693:1828] [django.request:143] [WARNING]- Not Found: /product/list/None
2018-02-08 11:06:47,867 [Thread-1697:8412] [django.request:231] [ERROR]- Internal Server Error: /api/diy_ui_conf
Traceback (most recent call last):
  File "F:\virven\lib\site-packages\django\core\handlers\base.py", line 111, in get_response
    response = wrapped_callback(request, *callback_args, **callback_kwargs)
  File "F:\virven\lib\site-packages\django\views\decorators\csrf.py", line 57, in wrapped_view
    return view_func(*args, **kwargs)
  File "F:\work\open\api\views.py", line 67, in diy_ui_conf
    return HttpResponse((back_data['ebf_page_conf']), content_type="application/json")
TypeError: 'NoneType' object is not subscriptable
2018-02-08 11:06:50,855 [Thread-1700:6688] [django.request:143] [WARNING]- Not Found: /product/list/None
2018-02-08 11:07:03,333 [Thread-1708:6992] [django.request:143] [WARNING]- Not Found: /product/list/None
2018-02-08 11:07:07,767 [Thread-1712:7392] [django.request:231] [ERROR]- Internal Server Error: /api/diy_ui_conf
Traceback (most recent call last):
  File "F:\virven\lib\site-packages\django\core\handlers\base.py", line 111, in get_response
    response = wrapped_callback(request, *callback_args, **callback_kwargs)
  File "F:\virven\lib\site-packages\django\views\decorators\csrf.py", line 57, in wrapped_view
    return view_func(*args, **kwargs)
  File "F:\work\open\api\views.py", line 67, in diy_ui_conf
    return HttpResponse((back_data['ebf_page_conf']), content_type="application/json")
TypeError: 'NoneType' object is not subscriptable
2018-02-08 11:07:11,320 [Thread-1716:9968] [django.request:143] [WARNING]- Not Found: /product/list/None
2018-02-08 11:07:14,943 [Thread-1719:1772] [django.request:231] [ERROR]- Internal Server Error: /api/diy_ui_conf
Traceback (most recent call last):
  File "F:\virven\lib\site-packages\django\core\handlers\base.py", line 111, in get_response
    response = wrapped_callback(request, *callback_args, **callback_kwargs)
  File "F:\virven\lib\site-packages\django\views\decorators\csrf.py", line 57, in wrapped_view
    return view_func(*args, **kwargs)
  File "F:\work\open\api\views.py", line 67, in diy_ui_conf
    return HttpResponse((back_data['ebf_page_conf']), content_type="application/json")
TypeError: 'NoneType' object is not subscriptable
2018-02-08 11:07:17,578 [Thread-1721:2492] [django.request:143] [WARNING]- Not Found: /product/list/None
2018-02-08 11:07:24,778 [Thread-1725:9220] [django.request:231] [ERROR]- Internal Server Error: /api/diy_ui_conf
Traceback (most recent call last):
  File "F:\virven\lib\site-packages\django\core\handlers\base.py", line 111, in get_response
    response = wrapped_callback(request, *callback_args, **callback_kwargs)
  File "F:\virven\lib\site-packages\django\views\decorators\csrf.py", line 57, in wrapped_view
    return view_func(*args, **kwargs)
  File "F:\work\open\api\views.py", line 67, in diy_ui_conf
    return HttpResponse((back_data['ebf_page_conf']), content_type="application/json")
TypeError: 'NoneType' object is not subscriptable
2018-02-08 11:07:27,716 [Thread-1728:8196] [django.request:143] [WARNING]- Not Found: /product/list/None
2018-02-08 11:07:30,976 [Thread-1731:212] [django.request:231] [ERROR]- Internal Server Error: /api/diy_ui_conf
Traceback (most recent call last):
  File "F:\virven\lib\site-packages\django\core\handlers\base.py", line 111, in get_response
    response = wrapped_callback(request, *callback_args, **callback_kwargs)
  File "F:\virven\lib\site-packages\django\views\decorators\csrf.py", line 57, in wrapped_view
    return view_func(*args, **kwargs)
  File "F:\work\open\api\views.py", line 67, in diy_ui_conf
    return HttpResponse((back_data['ebf_page_conf']), content_type="application/json")
TypeError: 'NoneType' object is not subscriptable
2018-02-08 11:07:33,306 [Thread-1733:8760] [django.request:143] [WARNING]- Not Found: /product/list/None
2018-02-08 11:07:36,636 [Thread-1737:7176] [django.request:231] [ERROR]- Internal Server Error: /api/diy_ui_conf
Traceback (most recent call last):
  File "F:\virven\lib\site-packages\django\core\handlers\base.py", line 111, in get_response
    response = wrapped_callback(request, *callback_args, **callback_kwargs)
  File "F:\virven\lib\site-packages\django\views\decorators\csrf.py", line 57, in wrapped_view
    return view_func(*args, **kwargs)
  File "F:\work\open\api\views.py", line 67, in diy_ui_conf
    return HttpResponse((back_data['ebf_page_conf']), content_type="application/json")
TypeError: 'NoneType' object is not subscriptable
2018-02-08 11:07:38,710 [Thread-1739:5508] [django.request:143] [WARNING]- Not Found: /product/list/None
